    1    1    4   -1   -1    8      Hhalf  LF  R
    1    2    3    1   -1    8      Vhalf  UP  R
    1    3    2    1   -1    3      Hfull  RG  R
    1    4    1   -1   -1  404      Vfull  DW  R
    1    5    2   -1   -1  628      Hfull  LF  R
    1    6    1    1    1   49      Vfull  UP  N
    1    7    2    1    1  626      Hfull  RG  N
    1    8    1   -1    1  251      Vfull  DW  N
    1    9    2   -1   -1  396      Hfull  LF  R
    1   10    1    1   -1    3      Vfull  UP  R
    1   11    2    1    1  536      Hfull  RG  N
    1   12    1   -1   -1  279      Vfull  DW  R
    1   13    2   -1    1  112      Hfull  LF  N
    1   14    1    1    1   83      Vfull  UP  N
    1   15    2    1   -1  409      Hfull  RG  R
    1   16    1   -1    1  276      Vfull  DW  N
    1   17    2   -1    1  467      Hfull  LF  N
    1   18    1    1   -1   16      Vfull  UP  R
    1   19    2    1    1  313      Hfull  RG  N
    1   20    1   -1    1  223      Vfull  DW  N
    1   21    2   -1    1  156      Hfull  LF  N
    1   22    1    1    1  209      Vfull  UP  N
    1   23    2    1    1   18      Hfull  RG  N
    1   24    1   -1    1  418      Vfull  DW  N
    1   25    2   -1    1   19      Hfull  LF  N
    1   26    1    1    1  234      Vfull  UP  N
    1   27    2    1   -1   20      Hfull  RG  R
    1   28    1   -1   -1  270      Vfull  DW  R
    1   29    2   -1   -1  262      Hfull  LF  R
    1   30    1    1    1  310      Vfull  UP  N
    1   31    2    1   -1  414      Hfull  RG  R
    1   32    1   -1    1  271      Vfull  DW  N
    1   33    2   -1   -1   10      Hfull  LF  R
    1   34    1    1    1    8      Vfull  UP  N
    1   35    2    1   -1  513      Hfull  RG  R
    1   36    1   -1    1   28      Vfull  DW  N
    1   37    2   -1    1  326      Hfull  LF  N
    1   38    1    1    1   30      Vfull  UP  N
    1   39    2    1    1  645      Hfull  RG  N
    1   40    1   -1    1  265      Vfull  DW  N
    1   41    2   -1   -1  285      Hfull  LF  R
    1   42    1    1    1  256      Vfull  UP  N
    1   43    2    1    1  298      Hfull  RG  N
    1   44    1   -1   -1  201      Vfull  DW  R
    1   45    2   -1    1  169      Hfull  LF  N
    1   46    1    1    1  422      Vfull  UP  N
    1   47    2    1   -1   16      Hfull  RG  R
    1   48    1   -1   -1  164      Vfull  DW  R
    1   49    2   -1    1  103      Hfull  LF  N
    1   50    1    1   -1   75      Vfull  UP  R
    1   51    2    1   -1  415      Hfull  RG  R
    1   52    1   -1    1  241      Vfull  DW  N
    1   53    2   -1    1  185      Hfull  LF  N
    1   54    1    1   -1  391      Vfull  UP  R
    1   55    2    1    1   91      Hfull  RG  N
    1   56    1   -1    1  250      Vfull  DW  N
    1   57    2   -1    1  514      Hfull  LF  N
    1   58    1    1    1  243      Vfull  UP  N
    1   59    2    1    1  102      Hfull  RG  N
    1   60    1   -1    1  388      Vfull  DW  N
    1   61    2   -1    1   52      Hfull  LF  N
    1   62    1    1    1   45      Vfull  UP  N
    1   63    2    1    1  167      Hfull  RG  N
    1   64    1   -1    1  284      Vfull  DW  N
    1   65    2   -1    1  166      Hfull  LF  N
    1   66    1    1    1  366      Vfull  UP  N
    1   67    2    1    1  627      Hfull  RG  N
    1   68    1   -1   -1   77      Vfull  DW  R
    1   69    2   -1   -1  615      Hfull  LF  R
    1   70    1    1   -1  332      Vfull  UP  R
    1   71    2    1   -1  413      Hfull  RG  R
    1   72    1   -1    1  239      Vfull  DW  N
    1   73    2   -1    1  351      Hfull  LF  N
    1   74    1    1   -1  215      Vfull  UP  R
    1   75    2    1   -1  322      Hfull  RG  R
    1   76    1   -1   -1  175      Vfull  DW  R
    1   77    2   -1    1   94      Hfull  LF  N
    1   78    1    1   -1    1      Vfull  UP  R
    1   79    2    1   -1  531      Hfull  RG  R
    1   80    1   -1    1  440      Vfull  DW  N
    1   81    2   -1   -1  663      Hfull  LF  R
    1   82    1    1    1   32      Vfull  UP  N
    1   83    2    1    1  141      Hfull  RG  N
    1   84    1   -1   -1   65      Vfull  DW  R
    1   85    2   -1   -1   73      Hfull  LF  R
    1   86    1    1    1  204      Vfull  UP  N
    1   87    2    1    1   74      Hfull  RG  N
    1   88    1   -1   -1  267      Vfull  DW  R
    1   89    2   -1    1  426      Hfull  LF  N
    1   90    1    1   -1  200      Vfull  UP  R
    1   91    2    1   -1  599      Hfull  RG  R
    1   92    1   -1   -1   51      Vfull  DW  R
    1   93    2   -1    1   78      Hfull  LF  N
    1   94    1    1   -1   23      Vfull  UP  R
    1   95    2    1    1  632      Hfull  RG  N
    1   96    1   -1    1  218      Vfull  DW  N
    1   97    2   -1   -1  289      Hfull  LF  R
    1   98    1    1   -1  305      Vfull  UP  R
    1   99    2    1   -1  307      Hfull  RG  R
    1  100    1   -1   -1  224      Vfull  DW  R
    1  101    2   -1    1   65      Hfull  LF  N
    1  102    1    1    1   11      Vfull  UP  N
    1  103    2    1   -1  526      Hfull  RG  R
    1  104    1   -1   -1   44      Vfull  DW  R
    1  105    2   -1    1   51      Hfull  LF  N
    1  106    1    1   -1   74      Vfull  UP  R
    1  107    2    1   -1  528      Hfull  RG  R
    1  108    1   -1   -1   42      Vfull  DW  R
    1  109    2   -1   -1  312      Hfull  LF  R
    1  110    1    1    1  188      Vfull  UP  N
    1  111    2    1   -1  554      Hfull  RG  R
    1  112    1   -1   -1  412      Vfull  DW  R
    1  113    2   -1    1  269      Hfull  LF  N
    1  114    1    1   -1  240      Vfull  UP  R
    1  115    2    1   -1  235      Hfull  RG  R
    1  116    1   -1   -1  185      Vfull  DW  R
    1  117    2   -1   -1  670      Hfull  LF  R
    1  118    1    1    1   66      Vfull  UP  N
    1  119    2    1    1  644      Hfull  RG  N
    1  120    1   -1   -1  401      Vfull  DW  R
    1  121    2   -1    1  492      Hfull  LF  N
    1  122    1    1    1   58      Vfull  UP  N
    1  123    2    1    1  359      Hfull  RG  N
    1  124    1   -1   -1  210      Vfull  DW  R
    1  125    2   -1   -1  116      Hfull  LF  R
    1  126    1    1   -1   84      Vfull  UP  R
    1  127    2    1    1   61      Hfull  RG  N
    1  128    1   -1   -1  254      Vfull  DW  R
    1  129    2   -1    1  501      Hfull  LF  N
    1  130    1    1   -1  227      Vfull  UP  R
    1  131    2    1    1  339      Hfull  RG  N
    1  132    1   -1    1   25      Vfull  DW  N
    1  133    2   -1    1  113      Hfull  LF  N
    1  134    1    1    1   90      Vfull  UP  N
    1  135    2    1    1  506      Hfull  RG  N
    1  136    1   -1   -1  331      Vfull  DW  R
    1  137    2   -1    1  115      Hfull  LF  N
    1  138    1    1    1  221      Vfull  UP  N
    1  139    2    1   -1   45      Hfull  RG  R
    1  140    1   -1   -1   13      Vfull  DW  R
    1  141    2   -1    1  411      Hfull  LF  N
    1  142    1    1    1    4      Vfull  UP  N
    1  143    2    1    1  600      Hfull  RG  N
    1  144    1   -1   -1   64      Vfull  DW  R
    1  145    2   -1    1  160      Hfull  LF  N
    1  146    1    1   -1   93      Vfull  UP  R
    1  147    2    1    1  372      Hfull  RG  N
    1  148    1   -1   -1  144      Vfull  DW  R
    1  149    2   -1    1  123      Hfull  LF  N
    1  150    1    1    1  131      Vfull  UP  N
    1  151    2    1   -1  655      Hfull  RG  R
    1  152    1   -1   -1   12      Vfull  DW  R
    1  153    2   -1    1  278      Hfull  LF  N
    1  154    1    1    1   52      Vfull  UP  N
    1  155    2    1   -1  324      Hfull  RG  R
    1  156    1   -1   -1   69      Vfull  DW  R
    1  157    2   -1    1  348      Hfull  LF  N
    1  158    1    1    1  405      Vfull  UP  N
    1  159    2    1    1  541      Hfull  RG  N
    1  160    1   -1   -1  269      Vfull  DW  R
    1  161    2   -1    1  134      Hfull  LF  N
    1  162    1    1   -1  286      Vfull  UP  R
    1  163    2    1   -1  574      Hfull  RG  R
    1  164    1   -1    1  346      Vfull  DW  N
    1  165    2   -1    1  136      Hfull  LF  N
    1  166    1    1   -1  266      Vfull  UP  R
    1  167    2    1   -1  582      Hfull  RG  R
    1  168    1   -1    1   72      Vfull  DW  N
    1  169    2   -1   -1  342      Hfull  LF  R
    1  170    1    1    1   78      Vfull  UP  N
    1  171    2    1   -1  590      Hfull  RG  R
    1  172    1   -1    1   24      Vfull  DW  N
    1  173    2   -1   -1   84      Hfull  LF  R
    1  174    1    1    1   82      Vfull  UP  N
    1  175    2    1   -1   88      Hfull  RG  R
    1  176    1   -1    1  445      Vfull  DW  N
    1  177    2   -1    1  241      Hfull  LF  N
    1  178    1    1   -1   50      Vfull  UP  R
    1  179    2    1   -1  186      Hfull  RG  R
    1  180    1   -1   -1   94      Vfull  DW  R
    1  181    2   -1   -1  106      Hfull  LF  R
    1  182    1    1   -1   95      Vfull  UP  R
    1  183    2    1   -1  422      Hfull  RG  R
    1  184    1   -1   -1  178      Vfull  DW  R
    1  185    2   -1   -1   46      Hfull  LF  R
    1  186    1    1    1   97      Vfull  UP  N
    1  187    2    1   -1  196      Hfull  RG  R
    1  188    1   -1   -1  172      Vfull  DW  R
    1  189    2   -1    1  217      Hfull  LF  N
    1  190    1    1   -1   99      Vfull  UP  R
    1  191    2    1    1  153      Hfull  RG  N
    1  192    1   -1   -1  100      Vfull  DW  R
    1  193    2   -1    1    7      Hfull  LF  N
    1  194    1    1   -1  409      Vfull  UP  R
    1  195    2    1    1  195      Hfull  RG  N
    1  196    1   -1   -1  436      Vfull  DW  R
    1  197    2   -1   -1  451      Hfull  LF  R
    1  198    1    1    1   46      Vfull  UP  N
    1  199    2    1    1  233      Hfull  RG  N
    1  200    1   -1   -1  417      Vfull  DW  R
    1  201    2   -1   -1  161      Hfull  LF  R
    1  202    1    1   -1   47      Vfull  UP  R
    1  203    2    1    1   97      Hfull  RG  N
    1  204    1   -1   -1  106      Vfull  DW  R
    1  205    2   -1   -1  494      Hfull  LF  R
    1  206    1    1    1  107      Vfull  UP  N
    1  207    2    1   -1  238      Hfull  RG  R
    1  208    1   -1    1  108      Vfull  DW  N
    1  209    2   -1   -1  405      Hfull  LF  R
    1  210    1    1    1  109      Vfull  UP  N
    1  211    2    1   -1  201      Hfull  RG  R
    1  212    1   -1   -1  323      Vfull  DW  R
    1  213    2   -1   -1  165      Hfull  LF  R
    1  214    1    1   -1    9      Vfull  UP  R
    1  215    2    1   -1  496      Hfull  RG  R
    1  216    1   -1    1  112      Vfull  DW  N
    1  217    2   -1    1  424      Hfull  LF  N
    1  218    1    1    1  301      Vfull  UP  N
    1  219    2    1   -1  168      Hfull  RG  R
    1  220    1   -1    1  114      Vfull  DW  N
    1  221    2   -1   -1  373      Hfull  LF  R
    1  222    1    1   -1  161      Vfull  UP  R
    1  223    2    1   -1  144      Hfull  RG  R
    1  224    1   -1   -1  437      Vfull  DW  R
    1  225    2   -1    1  661      Hfull  LF  N
    1  226    1    1    1  274      Vfull  UP  N
    1  227    2    1   -1  309      Hfull  RG  R
    1  228    1   -1   -1  146      Vfull  DW  R
    1  229    2   -1   -1  323      Hfull  LF  R
    1  230    1    1    1  119      Vfull  UP  N
    1  231    2    1   -1  176      Hfull  RG  R
    1  232    1   -1    1  120      Vfull  DW  N
    1  233    2   -1    1  651      Hfull  LF  N
    1  234    1    1    1  307      Vfull  UP  N
    1  235    2    1    1  572      Hfull  RG  N
    1  236    1   -1    1  122      Vfull  DW  N
    1  237    2   -1    1   39      Hfull  LF  N
    1  238    1    1   -1  430      Vfull  UP  R
    1  239    2    1    1  128      Hfull  RG  N
    1  240    1   -1    1  442      Vfull  DW  N
    1  241    2   -1    1  143      Hfull  LF  N
    1  242    1    1    1   14      Vfull  UP  N
    1  243    2    1   -1  214      Hfull  RG  R
    1  244    1   -1   -1   62      Vfull  DW  R
    1  245    2   -1    1  163      Hfull  LF  N
    1  246    1    1   -1  192      Vfull  UP  R
    1  247    2    1   -1  591      Hfull  RG  R
    1  248    1   -1   -1  155      Vfull  DW  R
    1  249    2   -1   -1  190      Hfull  LF  R
    1  250    1    1   -1  130      Vfull  UP  R
    1  251    2    1    1  253      Hfull  RG  N
    1  252    1   -1   -1  115      Vfull  DW  R
    1  253    2   -1   -1  150      Hfull  LF  R
    1  254    1    1   -1  132      Vfull  UP  R
    1  255    2    1   -1  194      Hfull  RG  R
    1  256    1   -1   -1  133      Vfull  DW  R
    1  257    2   -1    1  121      Hfull  LF  N
    1  258    1    1    1  134      Vfull  UP  N
    1  259    2    1   -1  149      Hfull  RG  R
    1  260    1   -1    1  135      Vfull  DW  N
    1  261    2   -1   -1  392      Hfull  LF  R
    1  262    1    1   -1  136      Vfull  UP  R
    1  263    2    1   -1  304      Hfull  RG  R
    1  264    1   -1    1  137      Vfull  DW  N
    1  265    2   -1   -1   21      Hfull  LF  R
    1  266    1    1    1  138      Vfull  UP  N
    1  267    2    1    1  204      Hfull  RG  N
    1  268    1   -1   -1  257      Vfull  DW  R
    1  269    2   -1   -1  174      Hfull  LF  R
    1  270    1    1    1  465      Vfull  UP  N
    1  271    2    1   -1  225      Hfull  RG  R
    1  272    1   -1   -1  426      Vfull  DW  R
    1  273    2   -1   -1  447      Hfull  LF  R
    1  274    1    1    1  447      Vfull  UP  N
    1  275    2    1    1  330      Hfull  RG  N
    1  276    1   -1   -1   37      Vfull  DW  R
    1  277    2   -1   -1  211      Hfull  LF  R
    1  278    1    1    1  145      Vfull  UP  N
    1  279    2    1    1   93      Hfull  RG  N
    1  280    1   -1    1  141      Vfull  DW  N
    1  281    2   -1   -1  418      Hfull  LF  R
    1  282    1    1    1  424      Vfull  UP  N
    1  283    2    1   -1  216      Hfull  RG  R
    1  284    1   -1    1  304      Vfull  DW  N
    1  285    2   -1   -1  193      Hfull  LF  R
    1  286    1    1    1  460      Vfull  UP  N
    1  287    2    1   -1  642      Hfull  RG  R
    1  288    1   -1    1  352      Vfull  DW  N
    1  289    2   -1   -1  349      Hfull  LF  R
    1  290    1    1   -1  124      Vfull  UP  R
    1  291    2    1    1  598      Hfull  RG  N
    1  292    1   -1    1  154      Vfull  DW  N
    1  293    2   -1    1   62      Hfull  LF  N
    1  294    1    1    1    2      Vfull  UP  N
    1  295    2    1   -1  677      Hfull  RG  R
    1  296    1   -1   -1  413      Vfull  DW  R
    1  297    2   -1   -1  281      Hfull  LF  R
    1  298    1    1    1  158      Vfull  UP  N
    1  299    2    1   -1  202      Hfull  RG  R
    1  300    1   -1   -1  159      Vfull  DW  R
    1  301    2   -1    1  259      Hfull  LF  N
    1  302    1    1   -1  160      Vfull  UP  R
    1  303    2    1    1  130      Hfull  RG  N
    1  304    1   -1   -1  110      Vfull  DW  R
    1  305    2   -1   -1   29      Hfull  LF  R
    1  306    1    1    1  163      Vfull  UP  N
    1  307    2    1   -1  461      Hfull  RG  R
    1  308    1   -1    1  170      Vfull  DW  N
    1  309    2   -1    1  460      Hfull  LF  N
    1  310    1    1   -1  142      Vfull  UP  R
    1  311    2    1    1  633      Hfull  RG  N
    1  312    1   -1   -1  166      Vfull  DW  R
    1  313    2   -1    1  539      Hfull  LF  N
    1  314    1    1   -1  167      Vfull  UP  R
    1  315    2    1    1  623      Hfull  RG  N
    1  316    1   -1    1  152      Vfull  DW  N
    1  317    2   -1   -1  258      Hfull  LF  R
    1  318    1    1   -1  169      Vfull  UP  R
    1  319    2    1   -1  227      Hfull  RG  R
    1  320    1   -1   -1  370      Vfull  DW  R
    1  321    2   -1   -1  148      Hfull  LF  R
    1  322    1    1    1  171      Vfull  UP  N
    1  323    2    1   -1  296      Hfull  RG  R
    1  324    1   -1   -1  140      Vfull  DW  R
    1  325    2   -1   -1   75      Hfull  LF  R
    1  326    1    1    1  431      Vfull  UP  N
    1  327    2    1    1   23      Hfull  RG  N
    1  328    1   -1   -1  462      Vfull  DW  R
    1  329    2   -1   -1    9      Hfull  LF  R
    1  330    1    1    1  435      Vfull  UP  N
    1  331    2    1    1  357      Hfull  RG  N
    1  332    1   -1    1  345      Vfull  DW  N
    1  333    2   -1    1  279      Hfull  LF  N
    1  334    1    1   -1   60      Vfull  UP  R
    1  335    2    1    1  647      Hfull  RG  N
    1  336    1   -1    1  246      Vfull  DW  N
    1  337    2   -1    1   69      Hfull  LF  N
    1  338    1    1   -1  179      Vfull  UP  R
    1  339    2    1   -1  114      Hfull  RG  R
    1  340    1   -1    1  180      Vfull  DW  N
    1  341    2   -1    1  207      Hfull  LF  N
    1  342    1    1    1  464      Vfull  UP  N
    1  343    2    1    1   81      Hfull  RG  N
    1  344    1   -1   -1  168      Vfull  DW  R
    1  345    2   -1   -1  172      Hfull  LF  R
    1  346    1    1   -1  183      Vfull  UP  R
    1  347    2    1    1  624      Hfull  RG  N
    1  348    1   -1   -1  394      Vfull  DW  R
    1  349    2   -1    1  228      Hfull  LF  N
    1  350    1    1   -1  380      Vfull  UP  R
    1  351    2    1    1  589      Hfull  RG  N
    1  352    1   -1    1  415      Vfull  DW  N
    1  353    2   -1   -1  243      Hfull  LF  R
    1  354    1    1   -1  189      Vfull  UP  R
    1  355    2    1   -1  393      Hfull  RG  R
    1  356    1   -1    1  190      Vfull  DW  N
    1  357    2   -1   -1  524      Hfull  LF  R
    1  358    1    1   -1  191      Vfull  UP  R
    1  359    2    1    1  637      Hfull  RG  N
    1  360    3   -1   -1    5      Vhalf  DW  R
    1  361    4   -1   -1   19      Hhalf  LF  R

    2    1    4    1    1    3      Hhalf  RG  N
    2    2    3    1   -1    1      Vhalf  UP  R
    2    3    2   -1    1   59      Hfull  LF  N
    2    4    1   -1   -1  302      Vfull  DW  R
    2    5    2    1    1    5      Hfull  RG  N
    2    6    1    1    1   81      Vfull  UP  N
    2    7    2   -1   -1  338      Hfull  LF  R
    2    8    1   -1   -1   39      Vfull  DW  R
    2    9    2    1   -1   42      Hfull  RG  R
    2   10    1    1    1  272      Vfull  UP  N
    2   11    2   -1    1  535      Hfull  LF  N
    2   12    1   -1   -1  450      Vfull  DW  R
    2   13    2    1    1  429      Hfull  RG  N
    2   14    1    1    1   73      Vfull  UP  N
    2   15    2   -1   -1  276      Hfull  LF  R
    2   16    1   -1   -1   31      Vfull  DW  R
    2   17    2    1    1  198      Hfull  RG  N
    2   18    1    1    1   96      Vfull  UP  N
    2   19    2   -1   -1  308      Hfull  LF  R
    2   20    1   -1   -1   26      Vfull  DW  R
    2   21    2    1    1  579      Hfull  RG  N
    2   22    1    1   -1  198      Vfull  UP  R
    2   23    2   -1   -1  378      Hfull  LF  R
    2   24    1   -1    1  419      Vfull  DW  N
    2   25    2    1    1  316      Hfull  RG  N
    2   26    1    1   -1  205      Vfull  UP  R
    2   27    2   -1    1   63      Hfull  LF  N
    2   28    1   -1    1  461      Vfull  DW  N
    2   29    2    1    1  297      Hfull  RG  N
    2   30    1    1    1   19      Vfull  UP  N
    2   31    2   -1   -1  145      Hfull  LF  R
    2   32    1   -1   -1   38      Vfull  DW  R
    2   33    2    1   -1  206      Hfull  RG  R
    2   34    1    1   -1  315      Vfull  UP  R
    2   35    2   -1    1   49      Hfull  LF  N
    2   36    1   -1    1   57      Vfull  DW  N
    2   37    2    1   -1  302      Hfull  RG  R
    2   38    1    1   -1  228      Vfull  UP  R
    2   39    2   -1    1  675      Hfull  LF  N
    2   40    1   -1    1  229      Vfull  DW  N
    2   41    2    1   -1  440      Hfull  RG  R
    2   42    1    1   -1  123      Vfull  UP  R
    2   43    2   -1   -1  305      Hfull  LF  R
    2   44    1   -1   -1  389      Vfull  DW  R
    2   45    2    1    1  435      Hfull  RG  N
    2   46    1    1    1  457      Vfull  UP  N
    2   47    2   -1   -1  135      Hfull  LF  R
    2   48    1   -1    1   67      Vfull  DW  N
    2   49    2    1    1  425      Hfull  RG  N
    2   50    1    1   -1  242      Vfull  UP  R
    2   51    2   -1   -1  218      Hfull  LF  R
    2   52    1   -1   -1  206      Vfull  DW  R
    2   53    2    1   -1   82      Hfull  RG  R
    2   54    1    1    1   92      Vfull  UP  N
    2   55    2   -1   -1  319      Hfull  LF  R
    2   56    1   -1    1  408      Vfull  DW  N
    2   57    2    1   -1   57      Hfull  RG  R
    2   58    1    1    1   41      Vfull  UP  N
    2   59    2   -1    1  520      Hfull  LF  N
    2   60    1   -1    1   18      Vfull  DW  N
    2   61    2    1    1  318      Hfull  RG  N
    2   62    1    1   -1  126      Vfull  UP  R
    2   63    2   -1    1  340      Hfull  LF  N
    2   64    1   -1    1  264      Vfull  DW  N
    2   65    2    1   -1  182      Hfull  RG  R
    2   66    1    1    1   48      Vfull  UP  N
    2   67    2   -1   -1  157      Hfull  LF  R
    2   68    1   -1    1  420      Vfull  DW  N
    2   69    2    1   -1  649      Hfull  RG  R
    2   70    1    1    1  375      Vfull  UP  N
    2   71    2   -1   -1  665      Hfull  LF  R
    2   72    1   -1   -1  261      Vfull  DW  R
    2   73    2    1    1  410      Hfull  RG  N
    2   74    1    1    1   40      Vfull  UP  N
    2   75    2   -1    1  368      Hfull  LF  N
    2   76    1   -1   -1  319      Vfull  DW  R
    2   77    2    1   -1  334      Hfull  RG  R
    2   78    1    1    1   21      Vfull  UP  N
    2   79    2   -1   -1   90      Hfull  LF  R
    2   80    1   -1   -1  217      Vfull  DW  R
    2   81    2    1   -1  345      Hfull  RG  R
    2   82    1    1    1  248      Vfull  UP  N
    2   83    2   -1   -1  550      Hfull  LF  R
    2   84    1   -1    1  149      Vfull  DW  N
    2   85    2    1    1  260      Hfull  RG  N
    2   86    1    1    1  237      Vfull  UP  N
    2   87    2   -1    1  564      Hfull  LF  N
    2   88    1   -1    1  260      Vfull  DW  N
    2   89    2    1    1  516      Hfull  RG  N
    2   90    1    1    1   54      Vfull  UP  N
    2   91    2   -1   -1  388      Hfull  LF  R
    2   92    1   -1   -1   89      Vfull  DW  R
    2   93    2    1    1  518      Hfull  RG  N
    2   94    1    1    1   56      Vfull  UP  N
    2   95    2   -1   -1  371      Hfull  LF  R
    2   96    1   -1    1  280      Vfull  DW  N
    2   97    2    1   -1  530      Hfull  RG  R
    2   98    1    1   -1  283      Vfull  UP  R
    2   99    2   -1   -1  455      Hfull  LF  R
    2  100    1   -1    1  208      Vfull  DW  N
    2  101    2    1    1  219      Hfull  RG  N
    2  102    1    1   -1  443      Vfull  UP  R
    2  103    2   -1    1   36      Hfull  LF  N
    2  104    1   -1   -1   17      Vfull  DW  R
    2  105    2    1    1  578      Hfull  RG  N
    2  106    1    1   -1  288      Vfull  UP  R
    2  107    2   -1   -1  139      Hfull  LF  R
    2  108    1   -1   -1   15      Vfull  DW  R
    2  109    2    1    1  616      Hfull  RG  N
    2  110    1    1    1  225      Vfull  UP  N
    2  111    2   -1    1  265      Hfull  LF  N
    2  112    1   -1    1   20      Vfull  DW  N
    2  113    2    1   -1  469      Hfull  RG  R
    2  114    1    1   -1  245      Vfull  UP  R
    2  115    2   -1   -1  592      Hfull  LF  R
    2  116    1   -1    1   71      Vfull  DW  N
    2  117    2    1    1  366      Hfull  RG  N
    2  118    1    1    1  268      Vfull  UP  N
    2  119    2   -1   -1  367      Hfull  LF  R
    2  120    1   -1    1  230      Vfull  DW  N
    2  121    2    1   -1  408      Hfull  RG  R
    2  122    1    1   -1  353      Vfull  UP  R
    2  123    2   -1   -1  671      Hfull  LF  R
    2  124    1   -1    1  432      Vfull  DW  N
    2  125    2    1    1  122      Hfull  RG  N
    2  126    1    1   -1  278      Vfull  UP  R
    2  127    2   -1    1  519      Hfull  LF  N
    2  128    1   -1   -1  258      Vfull  DW  R
    2  129    2    1   -1  646      Hfull  RG  R
    2  130    1    1    1   35      Vfull  UP  N
    2  131    2   -1    1   13      Hfull  LF  N
    2  132    1   -1   -1  428      Vfull  DW  R
    2  133    2    1   -1  292      Hfull  RG  R
    2  134    1    1   -1  214      Vfull  UP  R
    2  135    2   -1    1  140      Hfull  LF  N
    2  136    1   -1    1  199      Vfull  DW  N
    2  137    2    1    1  437      Hfull  RG  N
    2  138    1    1    1  118      Vfull  UP  N
    2  139    2   -1   -1  213      Hfull  LF  R
    2  140    1   -1   -1  449      Vfull  DW  R
    2  141    2    1   -1  423      Hfull  RG  R
    2  142    1    1   -1   10      Vfull  UP  R
    2  143    2   -1    1  245      Hfull  LF  N
    2  144    1   -1    1   91      Vfull  DW  N
    2  145    2    1   -1  295      Hfull  RG  R
    2  146    1    1   -1    5      Vfull  UP  R
    2  147    2   -1   -1  146      Hfull  LF  R
    2  148    1   -1   -1  244      Vfull  DW  R
    2  149    2    1   -1  242      Hfull  RG  R
    2  150    1    1    1  314      Vfull  UP  N
    2  151    2   -1   -1  401      Hfull  LF  R
    2  152    1   -1    1   22      Vfull  DW  N
    2  153    2    1   -1  171      Hfull  RG  R
    2  154    1    1   -1  156      Vfull  UP  R
    2  155    2   -1    1  630      Hfull  LF  N
    2  156    1   -1   -1   85      Vfull  DW  R
    2  157    2    1    1  652      Hfull  RG  N
    2  158    1    1   -1   33      Vfull  UP  R
    2  159    2   -1   -1  398      Hfull  LF  R
    2  160    1   -1   -1  197      Vfull  DW  R
    2  161    2    1   -1  154      Hfull  RG  R
    2  162    1    1    1  275      Vfull  UP  N
    2  163    2   -1    1  450      Hfull  LF  N
    2  164    1   -1   -1  195      Vfull  DW  R
    2  165    2    1   -1   25      Hfull  RG  R
    2  166    1    1   -1  213      Vfull  UP  R
    2  167    2   -1    1  477      Hfull  LF  N
    2  168    1   -1    1  249      Vfull  DW  N
    2  169    2    1   -1   68      Hfull  RG  R
    2  170    1    1   -1  282      Vfull  UP  R
    2  171    2   -1   -1  402      Hfull  LF  R
    2  172    1   -1    1  262      Vfull  DW  N
    2  173    2    1    1  417      Hfull  RG  N
    2  174    1    1    1  193      Vfull  UP  N
    2  175    2   -1   -1  595      Hfull  LF  R
    2  176    1   -1   -1    7      Vfull  DW  R
    2  177    2    1   -1  659      Hfull  RG  R
    2  178    1    1    1  379      Vfull  UP  N
    2  179    2   -1    1   60      Hfull  LF  N
    2  180    1   -1   -1  293      Vfull  DW  R
    2  181    2    1   -1  412      Hfull  RG  R
    2  182    1    1   -1  446      Vfull  UP  R
    2  183    2   -1    1   54      Hfull  LF  N
    2  184    1   -1    1  295      Vfull  DW  N
    2  185    2    1    1  488      Hfull  RG  N
    2  186    1    1   -1  296      Vfull  UP  R
    2  187    2   -1    1  226      Hfull  LF  N
    2  188    1   -1   -1  297      Vfull  DW  R
    2  189    2    1    1   43      Hfull  RG  N
    2  190    1    1    1  298      Vfull  UP  N
    2  191    2   -1    1   92      Hfull  LF  N
    2  192    1   -1    1  299      Vfull  DW  N
    2  193    2    1    1  315      Hfull  RG  N
    2  194    1    1    1  165      Vfull  UP  N
    2  195    2   -1    1  283      Hfull  LF  N
    2  196    1   -1    1  456      Vfull  DW  N
    2  197    2    1    1  208      Hfull  RG  N
    2  198    1    1   -1  238      Vfull  UP  R
    2  199    2   -1    1   77      Hfull  LF  N
    2  200    1   -1   -1  303      Vfull  DW  R
    2  201    2    1    1  503      Hfull  RG  N
    2  202    1    1    1  252      Vfull  UP  N
    2  203    2   -1   -1  617      Hfull  LF  R
    2  204    1   -1   -1  458      Vfull  DW  R
    2  205    2    1   -1  656      Hfull  RG  R
    2  206    1    1   -1  306      Vfull  UP  R
    2  207    2   -1    1   32      Hfull  LF  N
    2  208    1   -1   -1  438      Vfull  DW  R
    2  209    2    1   -1  443      Hfull  RG  R
    2  210    1    1   -1  308      Vfull  UP  R
    2  211    2   -1    1  643      Hfull  LF  N
    2  212    1   -1    1  400      Vfull  DW  N
    2  213    2    1    1  358      Hfull  RG  N
    2  214    1    1    1   88      Vfull  UP  N
    2  215    2   -1   -1  454      Hfull  LF  R
    2  216    1   -1   -1  312      Vfull  DW  R
    2  217    2    1    1  184      Hfull  RG  N
    2  218    1    1   -1  407      Vfull  UP  R
    2  219    2   -1    1  180      Hfull  LF  N
    2  220    1   -1    1  294      Vfull  DW  N
    2  221    2    1   -1  267      Hfull  RG  R
    2  222    1    1    1  317      Vfull  UP  N
    2  223    2   -1    1  277      Hfull  LF  N
    2  224    1   -1   -1  259      Vfull  DW  R
    2  225    2    1   -1  653      Hfull  RG  R
    2  226    1    1    1  320      Vfull  UP  N
    2  227    2   -1   -1  499      Hfull  LF  R
    2  228    1   -1    1  321      Vfull  DW  N
    2  229    2    1    1  350      Hfull  RG  N
    2  230    1    1   -1  322      Vfull  UP  R
    2  231    2   -1    1  118      Hfull  LF  N
    2  232    1   -1   -1  255      Vfull  DW  R
    2  233    2    1    1  474      Hfull  RG  N
    2  234    1    1   -1  111      Vfull  UP  R
    2  235    2   -1    1  436      Hfull  LF  N
    2  236    1   -1    1  466      Vfull  DW  N
    2  237    2    1    1  303      Hfull  RG  N
    2  238    1    1   -1  452      Vfull  UP  R
    2  239    2   -1   -1  463      Hfull  LF  R
    2  240    1   -1   -1  194      Vfull  DW  R
    2  241    2    1    1  159      Hfull  RG  N
    2  242    1    1    1  328      Vfull  UP  N
    2  243    2   -1    1  364      Hfull  LF  N
    2  244    1   -1   -1  329      Vfull  DW  R
    2  245    2    1   -1  178      Hfull  RG  R
    2  246    1    1   -1  330      Vfull  UP  R
    2  247    2   -1    1  428      Hfull  LF  N
    2  248    1   -1   -1  410      Vfull  DW  R
    2  249    2    1    1  237      Hfull  RG  N
    2  250    1    1   -1  421      Vfull  UP  R
    2  251    2   -1    1  383      Hfull  LF  N
    2  252    1   -1    1  333      Vfull  DW  N
    2  253    2    1   -1  155      Hfull  RG  R
    2  254    1    1    1  150      Vfull  UP  N
    2  255    2   -1    1  452      Hfull  LF  N
    2  256    1   -1   -1  335      Vfull  DW  R
    2  257    2    1    1  132      Hfull  RG  N
    2  258    1    1    1  336      Vfull  UP  N
    2  259    2   -1    1  376      Hfull  LF  N
    2  260    1   -1    1  337      Vfull  DW  N
    2  261    2    1   -1  427      Hfull  RG  R
    2  262    1    1    1  338      Vfull  UP  N
    2  263    2   -1    1  430      Hfull  LF  N
    2  264    1   -1    1  341      Vfull  DW  N
    2  265    2    1    1   11      Hfull  RG  N
    2  266    1    1   -1  342      Vfull  UP  R
    2  267    2   -1    1  456      Hfull  LF  N
    2  268    1   -1   -1  343      Vfull  DW  R
    2  269    2    1   -1  282      Hfull  RG  R
    2  270    1    1    1  344      Vfull  UP  N
    2  271    2   -1   -1  111      Hfull  LF  R
    2  272    1   -1    1   43      Vfull  DW  N
    2  273    2    1    1  236      Hfull  RG  N
    2  274    1    1    1   29      Vfull  UP  N
    2  275    2   -1    1  329      Hfull  LF  N
    2  276    1   -1   -1  347      Vfull  DW  R
    2  277    2    1   -1  299      Hfull  RG  R
    2  278    1    1   -1   63      Vfull  UP  R
    2  279    2   -1   -1  611      Hfull  LF  R
    2  280    1   -1    1  349      Vfull  DW  N
    2  281    2    1   -1  603      Hfull  RG  R
    2  282    1    1   -1  351      Vfull  UP  R
    2  283    2   -1    1  486      Hfull  LF  N
    2  284    1   -1   -1  406      Vfull  DW  R
    2  285    2    1   -1  631      Hfull  RG  R
    2  286    1    1    1  116      Vfull  UP  N
    2  287    2   -1   -1  117      Hfull  LF  R
    2  288    1   -1    1  354      Vfull  DW  N
    2  289    2    1    1  230      Hfull  RG  N
    2  290    1    1    1  327      Vfull  UP  N
    2  291    2   -1   -1  263      Hfull  LF  R
    2  292    1   -1    1  358      Vfull  DW  N
    2  293    2    1    1   44      Hfull  RG  N
    2  294    1    1   -1  362      Vfull  UP  R
    2  295    2   -1    1   12      Hfull  LF  N
    2  296    1   -1   -1  363      Vfull  DW  R
    2  297    2    1    1  300      Hfull  RG  N
    2  298    1    1   -1  364      Vfull  UP  R
    2  299    2   -1    1  521      Hfull  LF  N
    2  300    1   -1    1  402      Vfull  DW  N
    2  301    2    1    1  584      Hfull  RG  N
    2  302    1    1   -1  367      Vfull  UP  R
    2  303    2   -1   -1  548      Hfull  LF  R
    2  304    1   -1   -1   61      Vfull  DW  R
    2  305    2    1    1  446      Hfull  RG  N
    2  306    1    1    1  196      Vfull  UP  N
    2  307    2   -1    1  571      Hfull  LF  N
    2  308    1   -1    1  373      Vfull  DW  N
    2  309    2    1   -1  173      Hfull  RG  R
    2  310    1    1    1  374      Vfull  UP  N
    2  311    2   -1    1  577      Hfull  LF  N
    2  312    1   -1   -1  425      Vfull  DW  R
    2  313    2    1    1  434      Hfull  RG  N
    2  314    1    1    1  376      Vfull  UP  N
    2  315    2   -1   -1  352      Hfull  LF  R
    2  316    1   -1   -1  377      Vfull  DW  R
    2  317    2    1   -1  498      Hfull  RG  R
    2  318    1    1    1  378      Vfull  UP  N
    2  319    2   -1    1  158      Hfull  LF  N
    2  320    1   -1    1  411      Vfull  DW  N
    2  321    2    1    1  525      Hfull  RG  N
    2  322    1    1   -1   76      Vfull  UP  R
    2  323    2   -1    1  549      Hfull  LF  N
    2  324    1   -1    1  429      Vfull  DW  N
    2  325    2    1   -1  544      Hfull  RG  R
    2  326    1    1    1  459      Vfull  UP  N
    2  327    2   -1   -1  493      Hfull  LF  R
    2  328    1   -1    1  383      Vfull  DW  N
    2  329    2    1    1  594      Hfull  RG  N
    2  330    1    1    1  384      Vfull  UP  N
    2  331    2   -1    1  448      Hfull  LF  N
    2  332    1   -1   -1  386      Vfull  DW  R
    2  333    2    1    1  593      Hfull  RG  N
    2  334    1    1    1  387      Vfull  UP  N
    2  335    2   -1   -1  275      Hfull  LF  R
    2  336    1   -1   -1  181      Vfull  DW  R
    2  337    2    1   -1  556      Hfull  RG  R
    2  338    1    1    1  148      Vfull  UP  N
    2  339    2   -1   -1  480      Hfull  LF  R
    2  340    1   -1   -1  390      Vfull  DW  R
    2  341    2    1   -1  291      Hfull  RG  R
    2  342    1    1   -1  143      Vfull  UP  R
    2  343    2   -1    1  568      Hfull  LF  N
    2  344    1   -1   -1  393      Vfull  DW  R
    2  345    2    1   -1  570      Hfull  RG  R
    2  346    1    1   -1  463      Vfull  UP  R
    2  347    2   -1    1  355      Hfull  LF  N
    2  348    1   -1   -1  395      Vfull  DW  R
    2  349    2    1    1  101      Hfull  RG  N
    2  350    1    1    1  382      Vfull  UP  N
    2  351    2   -1    1  224      Hfull  LF  N
    2  352    1   -1   -1  398      Vfull  DW  R
    2  353    2    1   -1  390      Hfull  RG  R
    2  354    1    1   -1  399      Vfull  UP  R
    2  355    2   -1   -1  489      Hfull  LF  R
    2  356    1   -1    1   36      Vfull  DW  N
    2  357    2    1   -1  244      Hfull  RG  R
    2  358    1    1   -1  414      Vfull  UP  R
    2  359    2   -1    1  580      Hfull  LF  N
    2  360    3   -1   -1    7      Vhalf  DW  R
    2  361    4    1    1   10      Hhalf  RG  N

